stdio    D         file_stdio.c:110  file_stdio_fopen                 [   0.00000] opening C:\Users\user\Desktop\Final\Code\allegro5.cfg r
system   D            wsystem.c:874  _al_win_safe_load_library        [   0.00000] PathFindOnPath found: C:\WINDOWS\system32\shcore.dll
system   D            wsystem.c:780  load_library_at_path             [   0.00000] Calling LoadLibrary C:\WINDOWS\system32\shcore.dll
system   I            wsystem.c:783  load_library_at_path             [   0.00000] Loaded C:\WINDOWS\system32\shcore.dll
system   I             system.c:271  al_install_system                [   0.00000] Allegro version: 5.2.7
audio-dsound I           dsound.cpp:271  _dsound_open                     [   0.00043] Starting DirectSound...
audio-dsound D           dsound.cpp:280  _dsound_open                     [   0.02569] DirectSoundCreate8 succeeded
audio-dsound I           dsound.cpp:73   get_window                       [   0.02573] Using desktop window: 0000000000010010
audio    I              audio.c:347  do_install_audio                 [   0.02578] Using DirectSound driver
system   D            wsystem.c:874  _al_win_safe_load_library        [   0.02593] PathFindOnPath found: C:\WINDOWS\system32\d3d9.dll
system   D            wsystem.c:780  load_library_at_path             [   0.02595] Calling LoadLibrary C:\WINDOWS\system32\d3d9.dll
system   I            wsystem.c:783  load_library_at_path             [   0.02700] Loaded C:\WINDOWS\system32\d3d9.dll
d3d      I         d3d_disp.cpp:684  d3d_init_display                 [   0.06127] Render-to-texture: 1
d3d      I         d3d_disp.cpp:1782 d3d_create_display_locked        [   0.06196] faux_fullscreen=0
d3d      D         d3d_disp.cpp:1783 d3d_create_display_locked        [   0.06198] al_display=000000000107d6b0
d3d      D         d3d_disp.cpp:1784 d3d_create_display_locked        [   0.06198] al_display->vt=000000000107d540
d3d      I d3d_display_formats.cpp:144  _al_d3d_generate_display_format_list [   0.06346] found 160 format combinations
display  D   display_settings.c:212  debug_display_settings           [   0.06349] color: 32 (rgba 8880), depth: 0, stencil: 0, acc: 0000, samples: 0/0
display  D   display_settings.c:527  _al_score_display_settings       [   0.06350] Score is : 897
display  D   display_settings.c:212  debug_display_settings           [   0.06351] color: 32 (rgba 8880), depth: 0, stencil: 0, acc: 0000, samples: 0/0
display  D   display_settings.c:527  _al_score_display_settings       [   0.06352] Score is : 897
display  D   display_settings.c:212  debug_display_settings           [   0.06353] color: 32 (rgba 8880), depth: 0, stencil: 0, acc: 0000, samples: 2/1
display  D   display_settings.c:527  _al_score_display_settings       [   0.06353] Score is : 726
display  D   display_settings.c:212  debug_display_settings           [   0.06354] color: 32 (rgba 8880), depth: 0, stencil: 0, acc: 0000, samples: 3/1
display  D   display_settings.c:527  _al_score_display_settings       [   0.06355] Score is : 721
display  D   display_settings.c:212  debug_display_settings           [   0.06356] color: 32 (rgba 8880), depth: 0, stencil: 0, acc: 0000, samples: 4/1
display  D   display_settings.c:527  _al_score_display_settings       [   0.06357] Score is : 717
display  D   display_settings.c:212  debug_display_settings           [   0.06358] color: 32 (rgba 8880), depth: 24, stencil: 8, acc: 0000, samples: 0/0
display  D   display_settings.c:527  _al_score_display_settings       [   0.06358] Score is : 897
display  D   display_settings.c:212  debug_display_settings           [   0.06359] color: 32 (rgba 8880), depth: 24, stencil: 8, acc: 0000, samples: 0/0
display  D   display_settings.c:527  _al_score_display_settings       [   0.06360] Score is : 897
display  D   display_settings.c:212  debug_display_settings           [   0.06361] color: 32 (rgba 8880), depth: 24, stencil: 8, acc: 0000, samples: 2/1
display  D   display_settings.c:527  _al_score_display_settings       [   0.06362] Score is : 726
display  D   display_settings.c:212  debug_display_settings           [   0.06363] color: 32 (rgba 8880), depth: 24, stencil: 8, acc: 0000, samples: 3/1
display  D   display_settings.c:527  _al_score_display_settings       [   0.06367] Score is : 721
display  D   display_settings.c:212  debug_display_settings           [   0.06368] color: 32 (rgba 8880), depth: 24, stencil: 8, acc: 0000, samples: 4/1
display  D   display_settings.c:527  _al_score_display_settings       [   0.06369] Score is : 717
display  D   display_settings.c:212  debug_display_settings           [   0.06370] color: 32 (rgba 8880), depth: 24, stencil: 0, acc: 0000, samples: 0/0
display  D   display_settings.c:527  _al_score_display_settings       [   0.06371] Score is : 897
display  D   display_settings.c:212  debug_display_settings           [   0.06371] color: 32 (rgba 8880), depth: 24, stencil: 0, acc: 0000, samples: 0/0
display  D   display_settings.c:527  _al_score_display_settings       [   0.06372] Score is : 897
display  D   display_settings.c:212  debug_display_settings           [   0.06373] color: 32 (rgba 8880), depth: 24, stencil: 0, acc: 0000, samples: 2/1
display  D   display_settings.c:527  _al_score_display_settings       [   0.06374] Score is : 726
display  D   display_settings.c:212  debug_display_settings           [   0.06375] color: 32 (rgba 8880), depth: 24, stencil: 0, acc: 0000, samples: 3/1
display  D   display_settings.c:527  _al_score_display_settings       [   0.06376] Score is : 721
display  D   display_settings.c:212  debug_display_settings           [   0.06376] color: 32 (rgba 8880), depth: 24, stencil: 0, acc: 0000, samples: 4/1
display  D   display_settings.c:527  _al_score_display_settings       [   0.06377] Score is : 717
display  D   display_settings.c:212  debug_display_settings           [   0.06378] color: 32 (rgba 8880), depth: 16, stencil: 0, acc: 0000, samples: 0/0
display  D   display_settings.c:527  _al_score_display_settings       [   0.06379] Score is : 897
display  D   display_settings.c:212  debug_display_settings           [   0.06380] color: 32 (rgba 8880), depth: 16, stencil: 0, acc: 0000, samples: 0/0
display  D   display_settings.c:527  _al_score_display_settings       [   0.06381] Score is : 897
display  D   display_settings.c:212  debug_display_settings           [   0.06381] color: 32 (rgba 8880), depth: 16, stencil: 0, acc: 0000, samples: 2/1
display  D   display_settings.c:527  _al_score_display_settings       [   0.06382] Score is : 726
display  D   display_settings.c:212  debug_display_settings           [   0.06383] color: 32 (rgba 8880), depth: 16, stencil: 0, acc: 0000, samples: 3/1
display  D   display_settings.c:527  _al_score_display_settings       [   0.06384] Score is : 721
display  D   display_settings.c:212  debug_display_settings           [   0.06385] color: 32 (rgba 8880), depth: 16, stencil: 0, acc: 0000, samples: 4/1
display  D   display_settings.c:527  _al_score_display_settings       [   0.06386] Score is : 717
display  D   display_settings.c:212  debug_display_settings           [   0.06386] color: 16 (rgba 5650), depth: 0, stencil: 0, acc: 0000, samples: 0/0
display  D   display_settings.c:527  _al_score_display_settings       [   0.06387] Score is : 897
display  D   display_settings.c:212  debug_display_settings           [   0.06388] color: 16 (rgba 5650), depth: 0, stencil: 0, acc: 0000, samples: 0/0
display  D   display_settings.c:527  _al_score_display_settings       [   0.06389] Score is : 897
display  D   display_settings.c:212  debug_display_settings           [   0.06390] color: 16 (rgba 5650), depth: 0, stencil: 0, acc: 0000, samples: 2/1
display  D   display_settings.c:527  _al_score_display_settings       [   0.06390] Score is : 726
display  D   display_settings.c:212  debug_display_settings           [   0.06391] color: 16 (rgba 5650), depth: 0, stencil: 0, acc: 0000, samples: 3/1
display  D   display_settings.c:527  _al_score_display_settings       [   0.06392] Score is : 721
display  D   display_settings.c:212  debug_display_settings           [   0.06393] color: 16 (rgba 5650), depth: 0, stencil: 0, acc: 0000, samples: 4/1
display  D   display_settings.c:527  _al_score_display_settings       [   0.06394] Score is : 717
display  D   display_settings.c:212  debug_display_settings           [   0.06395] color: 16 (rgba 5650), depth: 24, stencil: 8, acc: 0000, samples: 0/0
display  D   display_settings.c:527  _al_score_display_settings       [   0.06396] Score is : 897
display  D   display_settings.c:212  debug_display_settings           [   0.06396] color: 16 (rgba 5650), depth: 24, stencil: 8, acc: 0000, samples: 0/0
display  D   display_settings.c:527  _al_score_display_settings       [   0.06397] Score is : 897
display  D   display_settings.c:212  debug_display_settings           [   0.06398] color: 16 (rgba 5650), depth: 24, stencil: 8, acc: 0000, samples: 2/1
display  D   display_settings.c:527  _al_score_display_settings       [   0.06399] Score is : 726
display  D   display_settings.c:212  debug_display_settings           [   0.06400] color: 16 (rgba 5650), depth: 24, stencil: 8, acc: 0000, samples: 3/1
display  D   display_settings.c:527  _al_score_display_settings       [   0.06400] Score is : 721
display  D   display_settings.c:212  debug_display_settings           [   0.06401] color: 16 (rgba 5650), depth: 24, stencil: 8, acc: 0000, samples: 4/1
display  D   display_settings.c:527  _al_score_display_settings       [   0.06402] Score is : 717
display  D   display_settings.c:212  debug_display_settings           [   0.06403] color: 16 (rgba 5650), depth: 24, stencil: 0, acc: 0000, samples: 0/0
display  D   display_settings.c:527  _al_score_display_settings       [   0.06404] Score is : 897
display  D   display_settings.c:212  debug_display_settings           [   0.06405] color: 16 (rgba 5650), depth: 24, stencil: 0, acc: 0000, samples: 0/0
display  D   display_settings.c:527  _al_score_display_settings       [   0.06406] Score is : 897
display  D   display_settings.c:212  debug_display_settings           [   0.06411] color: 16 (rgba 5650), depth: 24, stencil: 0, acc: 0000, samples: 2/1
display  D   display_settings.c:527  _al_score_display_settings       [   0.06412] Score is : 726
display  D   display_settings.c:212  debug_display_settings           [   0.06414] color: 16 (rgba 5650), depth: 24, stencil: 0, acc: 0000, samples: 3/1
display  D   display_settings.c:527  _al_score_display_settings       [   0.06415] Score is : 721
display  D   display_settings.c:212  debug_display_settings           [   0.06416] color: 16 (rgba 5650), depth: 24, stencil: 0, acc: 0000, samples: 4/1
display  D   display_settings.c:527  _al_score_display_settings       [   0.06417] Score is : 717
display  D   display_settings.c:212  debug_display_settings           [   0.06418] color: 16 (rgba 5650), depth: 16, stencil: 0, acc: 0000, samples: 0/0
display  D   display_settings.c:527  _al_score_display_settings       [   0.06420] Score is : 897
display  D   display_settings.c:212  debug_display_settings           [   0.06421] color: 16 (rgba 5650), depth: 16, stencil: 0, acc: 0000, samples: 0/0
display  D   display_settings.c:527  _al_score_display_settings       [   0.06422] Score is : 897
display  D   display_settings.c:212  debug_display_settings           [   0.06423] color: 16 (rgba 5650), depth: 16, stencil: 0, acc: 0000, samples: 2/1
display  D   display_settings.c:527  _al_score_display_settings       [   0.06424] Score is : 726
display  D   display_settings.c:212  debug_display_settings           [   0.06425] color: 16 (rgba 5650), depth: 16, stencil: 0, acc: 0000, samples: 3/1
display  D   display_settings.c:527  _al_score_display_settings       [   0.06427] Score is : 721
display  D   display_settings.c:212  debug_display_settings           [   0.06428] color: 16 (rgba 5650), depth: 16, stencil: 0, acc: 0000, samples: 4/1
display  D   display_settings.c:527  _al_score_display_settings       [   0.06429] Score is : 717
display  D   display_settings.c:212  debug_display_settings           [   0.06430] color: 32 (rgba 8880), depth: 0, stencil: 0, acc: 0000, samples: 0/0
display  D   display_settings.c:398  _al_score_display_settings       [   0.06432] Single Buffer requirement not met.
display  D   display_settings.c:212  debug_display_settings           [   0.06433] color: 32 (rgba 8880), depth: 0, stencil: 0, acc: 0000, samples: 0/0
display  D   display_settings.c:398  _al_score_display_settings       [   0.06435] Single Buffer requirement not met.
display  D   display_settings.c:212  debug_display_settings           [   0.06436] color: 32 (rgba 8880), depth: 0, stencil: 0, acc: 0000, samples: 2/1
display  D   display_settings.c:398  _al_score_display_settings       [   0.06437] Single Buffer requirement not met.
display  D   display_settings.c:212  debug_display_settings           [   0.06438] color: 32 (rgba 8880), depth: 0, stencil: 0, acc: 0000, samples: 3/1
display  D   display_settings.c:398  _al_score_display_settings       [   0.06440] Single Buffer requirement not met.
display  D   display_settings.c:212  debug_display_settings           [   0.06441] color: 32 (rgba 8880), depth: 0, stencil: 0, acc: 0000, samples: 4/1
display  D   display_settings.c:398  _al_score_display_settings       [   0.06442] Single Buffer requirement not met.
display  D   display_settings.c:212  debug_display_settings           [   0.06444] color: 32 (rgba 8880), depth: 24, stencil: 8, acc: 0000, samples: 0/0
display  D   display_settings.c:398  _al_score_display_settings       [   0.06445] Single Buffer requirement not met.
display  D   display_settings.c:212  debug_display_settings           [   0.06446] color: 32 (rgba 8880), depth: 24, stencil: 8, acc: 0000, samples: 0/0
display  D   display_settings.c:398  _al_score_display_settings       [   0.06447] Single Buffer requirement not met.
display  D   display_settings.c:212  debug_display_settings           [   0.06449] color: 32 (rgba 8880), depth: 24, stencil: 8, acc: 0000, samples: 2/1
display  D   display_settings.c:398  _al_score_display_settings       [   0.06450] Single Buffer requirement not met.
display  D   display_settings.c:212  debug_display_settings           [   0.06451] color: 32 (rgba 8880), depth: 24, stencil: 8, acc: 0000, samples: 3/1
display  D   display_settings.c:398  _al_score_display_settings       [   0.06452] Single Buffer requirement not met.
display  D   display_settings.c:212  debug_display_settings           [   0.06453] color: 32 (rgba 8880), depth: 24, stencil: 8, acc: 0000, samples: 4/1
display  D   display_settings.c:398  _al_score_display_settings       [   0.06455] Single Buffer requirement not met.
display  D   display_settings.c:212  debug_display_settings           [   0.06456] color: 32 (rgba 8880), depth: 24, stencil: 0, acc: 0000, samples: 0/0
display  D   display_settings.c:398  _al_score_display_settings       [   0.06457] Single Buffer requirement not met.
display  D   display_settings.c:212  debug_display_settings           [   0.06458] color: 32 (rgba 8880), depth: 24, stencil: 0, acc: 0000, samples: 0/0
display  D   display_settings.c:398  _al_score_display_settings       [   0.06460] Single Buffer requirement not met.
display  D   display_settings.c:212  debug_display_settings           [   0.06461] color: 32 (rgba 8880), depth: 24, stencil: 0, acc: 0000, samples: 2/1
display  D   display_settings.c:398  _al_score_display_settings       [   0.06462] Single Buffer requirement not met.
display  D   display_settings.c:212  debug_display_settings           [   0.06463] color: 32 (rgba 8880), depth: 24, stencil: 0, acc: 0000, samples: 3/1
display  D   display_settings.c:398  _al_score_display_settings       [   0.06465] Single Buffer requirement not met.
display  D   display_settings.c:212  debug_display_settings           [   0.06466] color: 32 (rgba 8880), depth: 24, stencil: 0, acc: 0000, samples: 4/1
display  D   display_settings.c:398  _al_score_display_settings       [   0.06467] Single Buffer requirement not met.
display  D   display_settings.c:212  debug_display_settings           [   0.06469] color: 32 (rgba 8880), depth: 16, stencil: 0, acc: 0000, samples: 0/0
display  D   display_settings.c:398  _al_score_display_settings       [   0.06473] Single Buffer requirement not met.
display  D   display_settings.c:212  debug_display_settings           [   0.06474] color: 32 (rgba 8880), depth: 16, stencil: 0, acc: 0000, samples: 0/0
display  D   display_settings.c:398  _al_score_display_settings       [   0.06476] Single Buffer requirement not met.
display  D   display_settings.c:212  debug_display_settings           [   0.06477] color: 32 (rgba 8880), depth: 16, stencil: 0, acc: 0000, samples: 2/1
display  D   display_settings.c:398  _al_score_display_settings       [   0.06478] Single Buffer requirement not met.
display  D   display_settings.c:212  debug_display_settings           [   0.06480] color: 32 (rgba 8880), depth: 16, stencil: 0, acc: 0000, samples: 3/1
display  D   display_settings.c:398  _al_score_display_settings       [   0.06481] Single Buffer requirement not met.
display  D   display_settings.c:212  debug_display_settings           [   0.06482] color: 32 (rgba 8880), depth: 16, stencil: 0, acc: 0000, samples: 4/1
display  D   display_settings.c:398  _al_score_display_settings       [   0.06483] Single Buffer requirement not met.
display  D   display_settings.c:212  debug_display_settings           [   0.06485] color: 16 (rgba 5650), depth: 0, stencil: 0, acc: 0000, samples: 0/0
display  D   display_settings.c:398  _al_score_display_settings       [   0.06486] Single Buffer requirement not met.
display  D   display_settings.c:212  debug_display_settings           [   0.06487] color: 16 (rgba 5650), depth: 0, stencil: 0, acc: 0000, samples: 0/0
display  D   display_settings.c:398  _al_score_display_settings       [   0.06488] Single Buffer requirement not met.
display  D   display_settings.c:212  debug_display_settings           [   0.06490] color: 16 (rgba 5650), depth: 0, stencil: 0, acc: 0000, samples: 2/1
display  D   display_settings.c:398  _al_score_display_settings       [   0.06491] Single Buffer requirement not met.
display  D   display_settings.c:212  debug_display_settings           [   0.06492] color: 16 (rgba 5650), depth: 0, stencil: 0, acc: 0000, samples: 3/1
display  D   display_settings.c:398  _al_score_display_settings       [   0.06493] Single Buffer requirement not met.
display  D   display_settings.c:212  debug_display_settings           [   0.06495] color: 16 (rgba 5650), depth: 0, stencil: 0, acc: 0000, samples: 4/1
display  D   display_settings.c:398  _al_score_display_settings       [   0.06496] Single Buffer requirement not met.
display  D   display_settings.c:212  debug_display_settings           [   0.06497] color: 16 (rgba 5650), depth: 24, stencil: 8, acc: 0000, samples: 0/0
display  D   display_settings.c:398  _al_score_display_settings       [   0.06498] Single Buffer requirement not met.
display  D   display_settings.c:212  debug_display_settings           [   0.06500] color: 16 (rgba 5650), depth: 24, stencil: 8, acc: 0000, samples: 0/0
display  D   display_settings.c:398  _al_score_display_settings       [   0.06501] Single Buffer requirement not met.
display  D   display_settings.c:212  debug_display_settings           [   0.06502] color: 16 (rgba 5650), depth: 24, stencil: 8, acc: 0000, samples: 2/1
display  D   display_settings.c:398  _al_score_display_settings       [   0.06503] Single Buffer requirement not met.
display  D   display_settings.c:212  debug_display_settings           [   0.06505] color: 16 (rgba 5650), depth: 24, stencil: 8, acc: 0000, samples: 3/1
display  D   display_settings.c:398  _al_score_display_settings       [   0.06506] Single Buffer requirement not met.
display  D   display_settings.c:212  debug_display_settings           [   0.06507] color: 16 (rgba 5650), depth: 24, stencil: 8, acc: 0000, samples: 4/1
display  D   display_settings.c:398  _al_score_display_settings       [   0.06509] Single Buffer requirement not met.
display  D   display_settings.c:212  debug_display_settings           [   0.06510] color: 16 (rgba 5650), depth: 24, stencil: 0, acc: 0000, samples: 0/0
display  D   display_settings.c:398  _al_score_display_settings       [   0.06516] Single Buffer requirement not met.
display  D   display_settings.c:212  debug_display_settings           [   0.06517] color: 16 (rgba 5650), depth: 24, stencil: 0, acc: 0000, samples: 0/0
display  D   display_settings.c:398  _al_score_display_settings       [   0.06518] Single Buffer requirement not met.
display  D   display_settings.c:212  debug_display_settings           [   0.06520] color: 16 (rgba 5650), depth: 24, stencil: 0, acc: 0000, samples: 2/1
display  D   display_settings.c:398  _al_score_display_settings       [   0.06521] Single Buffer requirement not met.
display  D   display_settings.c:212  debug_display_settings           [   0.06522] color: 16 (rgba 5650), depth: 24, stencil: 0, acc: 0000, samples: 3/1
display  D   display_settings.c:398  _al_score_display_settings       [   0.06523] Single Buffer requirement not met.
display  D   display_settings.c:212  debug_display_settings           [   0.06524] color: 16 (rgba 5650), depth: 24, stencil: 0, acc: 0000, samples: 4/1
display  D   display_settings.c:398  _al_score_display_settings       [   0.06526] Single Buffer requirement not met.
display  D   display_settings.c:212  debug_display_settings           [   0.06527] color: 16 (rgba 5650), depth: 16, stencil: 0, acc: 0000, samples: 0/0
display  D   display_settings.c:398  _al_score_display_settings       [   0.06528] Single Buffer requirement not met.
display  D   display_settings.c:212  debug_display_settings           [   0.06529] color: 16 (rgba 5650), depth: 16, stencil: 0, acc: 0000, samples: 0/0
display  D   display_settings.c:398  _al_score_display_settings       [   0.06531] Single Buffer requirement not met.
display  D   display_settings.c:212  debug_display_settings           [   0.06532] color: 16 (rgba 5650), depth: 16, stencil: 0, acc: 0000, samples: 2/1
display  D   display_settings.c:398  _al_score_display_settings       [   0.06533] Single Buffer requirement not met.
display  D   display_settings.c:212  debug_display_settings           [   0.06535] color: 16 (rgba 5650), depth: 16, stencil: 0, acc: 0000, samples: 3/1
display  D   display_settings.c:398  _al_score_display_settings       [   0.06536] Single Buffer requirement not met.
display  D   display_settings.c:212  debug_display_settings           [   0.06537] color: 16 (rgba 5650), depth: 16, stencil: 0, acc: 0000, samples: 4/1
display  D   display_settings.c:398  _al_score_display_settings       [   0.06538] Single Buffer requirement not met.
display  D   display_settings.c:212  debug_display_settings           [   0.06540] color: 32 (rgba 8880), depth: 0, stencil: 0, acc: 0000, samples: 0/0
display  D   display_settings.c:527  _al_score_display_settings       [   0.06541] Score is : 769
display  D   display_settings.c:212  debug_display_settings           [   0.06542] color: 32 (rgba 8880), depth: 0, stencil: 0, acc: 0000, samples: 0/0
display  D   display_settings.c:527  _al_score_display_settings       [   0.06543] Score is : 769
display  D   display_settings.c:212  debug_display_settings           [   0.06544] color: 32 (rgba 8880), depth: 0, stencil: 0, acc: 0000, samples: 2/1
display  D   display_settings.c:527  _al_score_display_settings       [   0.06546] Score is : 598
display  D   display_settings.c:212  debug_display_settings           [   0.06547] color: 32 (rgba 8880), depth: 0, stencil: 0, acc: 0000, samples: 3/1
display  D   display_settings.c:527  _al_score_display_settings       [   0.06548] Score is : 593
display  D   display_settings.c:212  debug_display_settings           [   0.06549] color: 32 (rgba 8880), depth: 0, stencil: 0, acc: 0000, samples: 4/1
display  D   display_settings.c:527  _al_score_display_settings       [   0.06551] Score is : 589
display  D   display_settings.c:212  debug_display_settings           [   0.06552] color: 32 (rgba 8880), depth: 24, stencil: 8, acc: 0000, samples: 0/0
display  D   display_settings.c:527  _al_score_display_settings       [   0.06553] Score is : 769
display  D   display_settings.c:212  debug_display_settings           [   0.06555] color: 32 (rgba 8880), depth: 24, stencil: 8, acc: 0000, samples: 0/0
display  D   display_settings.c:527  _al_score_display_settings       [   0.06556] Score is : 769
display  D   display_settings.c:212  debug_display_settings           [   0.06557] color: 32 (rgba 8880), depth: 24, stencil: 8, acc: 0000, samples: 2/1
display  D   display_settings.c:527  _al_score_display_settings       [   0.06558] Score is : 598
display  D   display_settings.c:212  debug_display_settings           [   0.06560] color: 32 (rgba 8880), depth: 24, stencil: 8, acc: 0000, samples: 3/1
display  D   display_settings.c:527  _al_score_display_settings       [   0.06561] Score is : 593
display  D   display_settings.c:212  debug_display_settings           [   0.06562] color: 32 (rgba 8880), depth: 24, stencil: 8, acc: 0000, samples: 4/1
display  D   display_settings.c:527  _al_score_display_settings       [   0.06563] Score is : 589
display  D   display_settings.c:212  debug_display_settings           [   0.06564] color: 32 (rgba 8880), depth: 24, stencil: 0, acc: 0000, samples: 0/0
display  D   display_settings.c:527  _al_score_display_settings       [   0.06566] Score is : 769
display  D   display_settings.c:212  debug_display_settings           [   0.06567] color: 32 (rgba 8880), depth: 24, stencil: 0, acc: 0000, samples: 0/0
display  D   display_settings.c:527  _al_score_display_settings       [   0.06568] Score is : 769
display  D   display_settings.c:212  debug_display_settings           [   0.06570] color: 32 (rgba 8880), depth: 24, stencil: 0, acc: 0000, samples: 2/1
display  D   display_settings.c:527  _al_score_display_settings       [   0.06571] Score is : 598
display  D   display_settings.c:212  debug_display_settings           [   0.06572] color: 32 (rgba 8880), depth: 24, stencil: 0, acc: 0000, samples: 3/1
display  D   display_settings.c:527  _al_score_display_settings       [   0.06573] Score is : 593
display  D   display_settings.c:212  debug_display_settings           [   0.06575] color: 32 (rgba 8880), depth: 24, stencil: 0, acc: 0000, samples: 4/1
display  D   display_settings.c:527  _al_score_display_settings       [   0.06576] Score is : 589
display  D   display_settings.c:212  debug_display_settings           [   0.06577] color: 32 (rgba 8880), depth: 16, stencil: 0, acc: 0000, samples: 0/0
display  D   display_settings.c:527  _al_score_display_settings       [   0.06578] Score is : 769
display  D   display_settings.c:212  debug_display_settings           [   0.06579] color: 32 (rgba 8880), depth: 16, stencil: 0, acc: 0000, samples: 0/0
display  D   display_settings.c:527  _al_score_display_settings       [   0.06581] Score is : 769
display  D   display_settings.c:212  debug_display_settings           [   0.06582] color: 32 (rgba 8880), depth: 16, stencil: 0, acc: 0000, samples: 2/1
display  D   display_settings.c:527  _al_score_display_settings       [   0.06583] Score is : 598
display  D   display_settings.c:212  debug_display_settings           [   0.06584] color: 32 (rgba 8880), depth: 16, stencil: 0, acc: 0000, samples: 3/1
display  D   display_settings.c:527  _al_score_display_settings       [   0.06586] Score is : 593
display  D   display_settings.c:212  debug_display_settings           [   0.06587] color: 32 (rgba 8880), depth: 16, stencil: 0, acc: 0000, samples: 4/1
display  D   display_settings.c:527  _al_score_display_settings       [   0.06588] Score is : 589
display  D   display_settings.c:212  debug_display_settings           [   0.06589] color: 16 (rgba 5650), depth: 0, stencil: 0, acc: 0000, samples: 0/0
display  D   display_settings.c:527  _al_score_display_settings       [   0.06591] Score is : 769
display  D   display_settings.c:212  debug_display_settings           [   0.06592] color: 16 (rgba 5650), depth: 0, stencil: 0, acc: 0000, samples: 0/0
display  D   display_settings.c:527  _al_score_display_settings       [   0.06593] Score is : 769
display  D   display_settings.c:212  debug_display_settings           [   0.06594] color: 16 (rgba 5650), depth: 0, stencil: 0, acc: 0000, samples: 2/1
display  D   display_settings.c:527  _al_score_display_settings       [   0.06596] Score is : 598
display  D   display_settings.c:212  debug_display_settings           [   0.06597] color: 16 (rgba 5650), depth: 0, stencil: 0, acc: 0000, samples: 3/1
display  D   display_settings.c:527  _al_score_display_settings       [   0.06599] Score is : 593
display  D   display_settings.c:212  debug_display_settings           [   0.06600] color: 16 (rgba 5650), depth: 0, stencil: 0, acc: 0000, samples: 4/1
display  D   display_settings.c:527  _al_score_display_settings       [   0.06601] Score is : 589
display  D   display_settings.c:212  debug_display_settings           [   0.06602] color: 16 (rgba 5650), depth: 24, stencil: 8, acc: 0000, samples: 0/0
display  D   display_settings.c:527  _al_score_display_settings       [   0.06604] Score is : 769
display  D   display_settings.c:212  debug_display_settings           [   0.06605] color: 16 (rgba 5650), depth: 24, stencil: 8, acc: 0000, samples: 0/0
display  D   display_settings.c:527  _al_score_display_settings       [   0.06606] Score is : 769
display  D   display_settings.c:212  debug_display_settings           [   0.06607] color: 16 (rgba 5650), depth: 24, stencil: 8, acc: 0000, samples: 2/1
display  D   display_settings.c:527  _al_score_display_settings       [   0.06608] Score is : 598
display  D   display_settings.c:212  debug_display_settings           [   0.06610] color: 16 (rgba 5650), depth: 24, stencil: 8, acc: 0000, samples: 3/1
display  D   display_settings.c:527  _al_score_display_settings       [   0.06612] Score is : 593
display  D   display_settings.c:212  debug_display_settings           [   0.06613] color: 16 (rgba 5650), depth: 24, stencil: 8, acc: 0000, samples: 4/1
display  D   display_settings.c:527  _al_score_display_settings       [   0.06614] Score is : 589
display  D   display_settings.c:212  debug_display_settings           [   0.06616] color: 16 (rgba 5650), depth: 24, stencil: 0, acc: 0000, samples: 0/0
display  D   display_settings.c:527  _al_score_display_settings       [   0.06617] Score is : 769
display  D   display_settings.c:212  debug_display_settings           [   0.06618] color: 16 (rgba 5650), depth: 24, stencil: 0, acc: 0000, samples: 0/0
display  D   display_settings.c:527  _al_score_display_settings       [   0.06619] Score is : 769
display  D   display_settings.c:212  debug_display_settings           [   0.06621] color: 16 (rgba 5650), depth: 24, stencil: 0, acc: 0000, samples: 2/1
display  D   display_settings.c:527  _al_score_display_settings       [   0.06622] Score is : 598
display  D   display_settings.c:212  debug_display_settings           [   0.06623] color: 16 (rgba 5650), depth: 24, stencil: 0, acc: 0000, samples: 3/1
display  D   display_settings.c:527  _al_score_display_settings       [   0.06624] Score is : 593
display  D   display_settings.c:212  debug_display_settings           [   0.06625] color: 16 (rgba 5650), depth: 24, stencil: 0, acc: 0000, samples: 4/1
display  D   display_settings.c:527  _al_score_display_settings       [   0.06627] Score is : 589
display  D   display_settings.c:212  debug_display_settings           [   0.06628] color: 16 (rgba 5650), depth: 16, stencil: 0, acc: 0000, samples: 0/0
display  D   display_settings.c:527  _al_score_display_settings       [   0.06629] Score is : 769
display  D   display_settings.c:212  debug_display_settings           [   0.06630] color: 16 (rgba 5650), depth: 16, stencil: 0, acc: 0000, samples: 0/0
display  D   display_settings.c:527  _al_score_display_settings       [   0.06632] Score is : 769
display  D   display_settings.c:212  debug_display_settings           [   0.06633] color: 16 (rgba 5650), depth: 16, stencil: 0, acc: 0000, samples: 2/1
display  D   display_settings.c:527  _al_score_display_settings       [   0.06634] Score is : 598
display  D   display_settings.c:212  debug_display_settings           [   0.06635] color: 16 (rgba 5650), depth: 16, stencil: 0, acc: 0000, samples: 3/1
display  D   display_settings.c:527  _al_score_display_settings       [   0.06637] Score is : 593
display  D   display_settings.c:212  debug_display_settings           [   0.06638] color: 16 (rgba 5650), depth: 16, stencil: 0, acc: 0000, samples: 4/1
display  D   display_settings.c:527  _al_score_display_settings       [   0.06639] Score is : 589
display  D   display_settings.c:212  debug_display_settings           [   0.06640] color: 32 (rgba 8880), depth: 0, stencil: 0, acc: 0000, samples: 0/0
display  D   display_settings.c:398  _al_score_display_settings       [   0.06642] Single Buffer requirement not met.
display  D   display_settings.c:212  debug_display_settings           [   0.06643] color: 32 (rgba 8880), depth: 0, stencil: 0, acc: 0000, samples: 0/0
display  D   display_settings.c:398  _al_score_display_settings       [   0.06644] Single Buffer requirement not met.
display  D   display_settings.c:212  debug_display_settings           [   0.06646] color: 32 (rgba 8880), depth: 0, stencil: 0, acc: 0000, samples: 2/1
display  D   display_settings.c:398  _al_score_display_settings       [   0.06647] Single Buffer requirement not met.
display  D   display_settings.c:212  debug_display_settings           [   0.06648] color: 32 (rgba 8880), depth: 0, stencil: 0, acc: 0000, samples: 3/1
display  D   display_settings.c:398  _al_score_display_settings       [   0.06649] Single Buffer requirement not met.
display  D   display_settings.c:212  debug_display_settings           [   0.06651] color: 32 (rgba 8880), depth: 0, stencil: 0, acc: 0000, samples: 4/1
display  D   display_settings.c:398  _al_score_display_settings       [   0.06652] Single Buffer requirement not met.
display  D   display_settings.c:212  debug_display_settings           [   0.06653] color: 32 (rgba 8880), depth: 24, stencil: 8, acc: 0000, samples: 0/0
display  D   display_settings.c:398  _al_score_display_settings       [   0.06654] Single Buffer requirement not met.
display  D   display_settings.c:212  debug_display_settings           [   0.06656] color: 32 (rgba 8880), depth: 24, stencil: 8, acc: 0000, samples: 0/0
display  D   display_settings.c:398  _al_score_display_settings       [   0.06657] Single Buffer requirement not met.
display  D   display_settings.c:212  debug_display_settings           [   0.06658] color: 32 (rgba 8880), depth: 24, stencil: 8, acc: 0000, samples: 2/1
display  D   display_settings.c:398  _al_score_display_settings       [   0.06659] Single Buffer requirement not met.
display  D   display_settings.c:212  debug_display_settings           [   0.06661] color: 32 (rgba 8880), depth: 24, stencil: 8, acc: 0000, samples: 3/1
display  D   display_settings.c:398  _al_score_display_settings       [   0.06662] Single Buffer requirement not met.
display  D   display_settings.c:212  debug_display_settings           [   0.06663] color: 32 (rgba 8880), depth: 24, stencil: 8, acc: 0000, samples: 4/1
display  D   display_settings.c:398  _al_score_display_settings       [   0.06665] Single Buffer requirement not met.
display  D   display_settings.c:212  debug_display_settings           [   0.06666] color: 32 (rgba 8880), depth: 24, stencil: 0, acc: 0000, samples: 0/0
display  D   display_settings.c:398  _al_score_display_settings       [   0.06667] Single Buffer requirement not met.
display  D   display_settings.c:212  debug_display_settings           [   0.06668] color: 32 (rgba 8880), depth: 24, stencil: 0, acc: 0000, samples: 0/0
display  D   display_settings.c:398  _al_score_display_settings       [   0.06670] Single Buffer requirement not met.
display  D   display_settings.c:212  debug_display_settings           [   0.06671] color: 32 (rgba 8880), depth: 24, stencil: 0, acc: 0000, samples: 2/1
display  D   display_settings.c:398  _al_score_display_settings       [   0.06672] Single Buffer requirement not met.
display  D   display_settings.c:212  debug_display_settings           [   0.06673] color: 32 (rgba 8880), depth: 24, stencil: 0, acc: 0000, samples: 3/1
display  D   display_settings.c:398  _al_score_display_settings       [   0.06675] Single Buffer requirement not met.
display  D   display_settings.c:212  debug_display_settings           [   0.06676] color: 32 (rgba 8880), depth: 24, stencil: 0, acc: 0000, samples: 4/1
display  D   display_settings.c:398  _al_score_display_settings       [   0.06677] Single Buffer requirement not met.
display  D   display_settings.c:212  debug_display_settings           [   0.06678] color: 32 (rgba 8880), depth: 16, stencil: 0, acc: 0000, samples: 0/0
display  D   display_settings.c:398  _al_score_display_settings       [   0.06680] Single Buffer requirement not met.
display  D   display_settings.c:212  debug_display_settings           [   0.06681] color: 32 (rgba 8880), depth: 16, stencil: 0, acc: 0000, samples: 0/0
display  D   display_settings.c:398  _al_score_display_settings       [   0.06682] Single Buffer requirement not met.
display  D   display_settings.c:212  debug_display_settings           [   0.06684] color: 32 (rgba 8880), depth: 16, stencil: 0, acc: 0000, samples: 2/1
display  D   display_settings.c:398  _al_score_display_settings       [   0.06685] Single Buffer requirement not met.
display  D   display_settings.c:212  debug_display_settings           [   0.06686] color: 32 (rgba 8880), depth: 16, stencil: 0, acc: 0000, samples: 3/1
display  D   display_settings.c:398  _al_score_display_settings       [   0.06687] Single Buffer requirement not met.
display  D   display_settings.c:212  debug_display_settings           [   0.06689] color: 32 (rgba 8880), depth: 16, stencil: 0, acc: 0000, samples: 4/1
display  D   display_settings.c:398  _al_score_display_settings       [   0.06690] Single Buffer requirement not met.
display  D   display_settings.c:212  debug_display_settings           [   0.06691] color: 16 (rgba 5650), depth: 0, stencil: 0, acc: 0000, samples: 0/0
display  D   display_settings.c:398  _al_score_display_settings       [   0.06693] Single Buffer requirement not met.
display  D   display_settings.c:212  debug_display_settings           [   0.06694] color: 16 (rgba 5650), depth: 0, stencil: 0, acc: 0000, samples: 0/0
display  D   display_settings.c:398  _al_score_display_settings       [   0.06695] Single Buffer requirement not met.
display  D   display_settings.c:212  debug_display_settings           [   0.06696] color: 16 (rgba 5650), depth: 0, stencil: 0, acc: 0000, samples: 2/1
display  D   display_settings.c:398  _al_score_display_settings       [   0.06697] Single Buffer requirement not met.
display  D   display_settings.c:212  debug_display_settings           [   0.06699] color: 16 (rgba 5650), depth: 0, stencil: 0, acc: 0000, samples: 3/1
display  D   display_settings.c:398  _al_score_display_settings       [   0.06700] Single Buffer requirement not met.
display  D   display_settings.c:212  debug_display_settings           [   0.06701] color: 16 (rgba 5650), depth: 0, stencil: 0, acc: 0000, samples: 4/1
display  D   display_settings.c:398  _al_score_display_settings       [   0.06703] Single Buffer requirement not met.
display  D   display_settings.c:212  debug_display_settings           [   0.06704] color: 16 (rgba 5650), depth: 24, stencil: 8, acc: 0000, samples: 0/0
display  D   display_settings.c:398  _al_score_display_settings       [   0.06705] Single Buffer requirement not met.
display  D   display_settings.c:212  debug_display_settings           [   0.06706] color: 16 (rgba 5650), depth: 24, stencil: 8, acc: 0000, samples: 0/0
display  D   display_settings.c:398  _al_score_display_settings       [   0.06708] Single Buffer requirement not met.
display  D   display_settings.c:212  debug_display_settings           [   0.06709] color: 16 (rgba 5650), depth: 24, stencil: 8, acc: 0000, samples: 2/1
display  D   display_settings.c:398  _al_score_display_settings       [   0.06710] Single Buffer requirement not met.
display  D   display_settings.c:212  debug_display_settings           [   0.06712] color: 16 (rgba 5650), depth: 24, stencil: 8, acc: 0000, samples: 3/1
display  D   display_settings.c:398  _al_score_display_settings       [   0.06713] Single Buffer requirement not met.
display  D   display_settings.c:212  debug_display_settings           [   0.06714] color: 16 (rgba 5650), depth: 24, stencil: 8, acc: 0000, samples: 4/1
display  D   display_settings.c:398  _al_score_display_settings       [   0.06716] Single Buffer requirement not met.
display  D   display_settings.c:212  debug_display_settings           [   0.06717] color: 16 (rgba 5650), depth: 24, stencil: 0, acc: 0000, samples: 0/0
display  D   display_settings.c:398  _al_score_display_settings       [   0.06718] Single Buffer requirement not met.
display  D   display_settings.c:212  debug_display_settings           [   0.06719] color: 16 (rgba 5650), depth: 24, stencil: 0, acc: 0000, samples: 0/0
display  D   display_settings.c:398  _al_score_display_settings       [   0.06721] Single Buffer requirement not met.
display  D   display_settings.c:212  debug_display_settings           [   0.06722] color: 16 (rgba 5650), depth: 24, stencil: 0, acc: 0000, samples: 2/1
display  D   display_settings.c:398  _al_score_display_settings       [   0.06723] Single Buffer requirement not met.
display  D   display_settings.c:212  debug_display_settings           [   0.06724] color: 16 (rgba 5650), depth: 24, stencil: 0, acc: 0000, samples: 3/1
display  D   display_settings.c:398  _al_score_display_settings       [   0.06726] Single Buffer requirement not met.
display  D   display_settings.c:212  debug_display_settings           [   0.06727] color: 16 (rgba 5650), depth: 24, stencil: 0, acc: 0000, samples: 4/1
display  D   display_settings.c:398  _al_score_display_settings       [   0.06728] Single Buffer requirement not met.
display  D   display_settings.c:212  debug_display_settings           [   0.06730] color: 16 (rgba 5650), depth: 16, stencil: 0, acc: 0000, samples: 0/0
display  D   display_settings.c:398  _al_score_display_settings       [   0.06731] Single Buffer requirement not met.
display  D   display_settings.c:212  debug_display_settings           [   0.06732] color: 16 (rgba 5650), depth: 16, stencil: 0, acc: 0000, samples: 0/0
display  D   display_settings.c:398  _al_score_display_settings       [   0.06734] Single Buffer requirement not met.
display  D   display_settings.c:212  debug_display_settings           [   0.06735] color: 16 (rgba 5650), depth: 16, stencil: 0, acc: 0000, samples: 2/1
display  D   display_settings.c:398  _al_score_display_settings       [   0.06736] Single Buffer requirement not met.
display  D   display_settings.c:212  debug_display_settings           [   0.06737] color: 16 (rgba 5650), depth: 16, stencil: 0, acc: 0000, samples: 3/1
display  D   display_settings.c:398  _al_score_display_settings       [   0.06739] Single Buffer requirement not met.
display  D   display_settings.c:212  debug_display_settings           [   0.06740] color: 16 (rgba 5650), depth: 16, stencil: 0, acc: 0000, samples: 4/1
display  D   display_settings.c:398  _al_score_display_settings       [   0.06741] Single Buffer requirement not met.
d3d      D         d3d_disp.cpp:1682 d3d_create_display_internals     [   0.06744] Trying format 0.
d3d      I         d3d_disp.cpp:1358 d3d_display_thread_proc          [   0.06758] Chose a display format: 23
d3d      I         d3d_disp.cpp:1427 d3d_display_thread_proc          [   0.06761] Normal window.
d3d      I         d3d_disp.cpp:791  d3d_create_device                [   0.08130] Using no depth stencil buffer
d3d      D         d3d_disp.cpp:853  d3d_create_device                [   0.14234] BeginScene succeeded in create_device
d3d      D         d3d_disp.cpp:861  d3d_create_device                [   0.14240] Success
d3d      D         d3d_disp.cpp:1705 d3d_create_display_internals     [   0.14243] Resumed after wait.
d3d      I         d3d_disp.cpp:1738 d3d_create_display_internals     [   0.14248] Format 0 succeeded.
d3d      D         d3d_disp.cpp:1769 d3d_create_display_internals     [   0.14250] Returning d3d_display: 000000000107d6b0
d3d      D         d3d_disp.cpp:1794 d3d_create_display_locked        [   0.14252] al_display=000000000107d6b0
d3d      D         d3d_disp.cpp:1795 d3d_create_display_locked        [   0.14253] al_display->vt=000000000107d540
system   D            wsystem.c:874  _al_win_safe_load_library        [   0.14278] PathFindOnPath found: C:\WINDOWS\system32\d3dx9_43.dll
system   D            wsystem.c:780  load_library_at_path             [   0.14279] Calling LoadLibrary C:\WINDOWS\system32\d3dx9_43.dll
system   I            wsystem.c:783  load_library_at_path             [   0.14309] Loaded C:\WINDOWS\system32\d3dx9_43.dll
d3dx9    I        d3d_d3dx9.cpp:88   _imp_load_d3dx9_module_version   [   0.14311] Module "d3dx9_43.dll" loaded.
stdio    D         file_stdio.c:110  file_stdio_fopen                 [   0.14378] opening assets/font/pirulen.ttf rb
font     D                ttf.c:943  al_load_ttf_font_stretch_f       [   0.14405] Font assets/font/pirulen.ttf loaded with pixel size 0 x 12.
font     D                ttf.c:945  al_load_ttf_font_stretch_f       [   0.14407]     ascent=12.0, descent=-3.0, height=14.0
dtor     D               dtor.c:196  _al_register_destructor          [   0.14408] added dtor for ttf_font 0000000002744c30, func 00007ffe93904c05
stdio    D         file_stdio.c:110  file_stdio_fopen                 [   0.14411] opening assets/sound/mario_menu.mp3 rb
dtor     D               dtor.c:196  _al_register_destructor          [   0.35669] added dtor for sample 00000000027446f0, func 00007ffe93911a1d
stdio    D         file_stdio.c:110  file_stdio_fopen                 [   0.35678] opening assets/image/menu.png rb
stdio    D         file_stdio.c:110  file_stdio_fopen                 [   0.35693] opening assets/image/menu.png rb
d3d      D         d3d_disp.cpp:1202 real_choose_bitmap_format        [   0.35702] Fake format
d3d      D         d3d_disp.cpp:1202 real_choose_bitmap_format        [   0.35704] Fake format
d3d      D         d3d_disp.cpp:1202 real_choose_bitmap_format        [   0.35704] Fake format
d3d      D         d3d_disp.cpp:1202 real_choose_bitmap_format        [   0.35705] Fake format
d3d      D         d3d_disp.cpp:1202 real_choose_bitmap_format        [   0.35706] Fake format
d3d      D         d3d_disp.cpp:1202 real_choose_bitmap_format        [   0.35707] Fake format
d3d      D         d3d_disp.cpp:1202 real_choose_bitmap_format        [   0.35708] Fake format
d3d      D         d3d_disp.cpp:1202 real_choose_bitmap_format        [   0.35708] Fake format
d3d      D         d3d_disp.cpp:1202 real_choose_bitmap_format        [   0.35709] Fake format
d3d      D         d3d_disp.cpp:1210 real_choose_bitmap_format        [   0.35710] Alpha doesn't match
d3d      D         d3d_disp.cpp:1217 real_choose_bitmap_format        [   0.35711] Adapter format is 23
d3d      D         d3d_disp.cpp:1220 real_choose_bitmap_format        [   0.35712] Found a format
d3d      I         d3d_disp.cpp:2391 d3d_create_bitmap                [   0.35713] Chose bitmap format 9
dtor     D               dtor.c:196  _al_register_destructor          [   0.35755] added dtor for bitmap 0000000002755910, func 00007ffe937e1bea
audio-dsound D           dsound.cpp:311  _dsound_allocate_voice           [   0.44293] Allocating voice
audio-dsound D           dsound.cpp:370  _dsound_allocate_voice           [   0.44298] Allocated voice
dtor     D               dtor.c:196  _al_register_destructor          [   0.44299] added dtor for voice 000000000273e6f0, func 00007ffe93915024
dtor     D               dtor.c:196  _al_register_destructor          [   0.44300] added dtor for mixer 000000000274e740, func 00007ffe939104dc
audio-dsound D           dsound.cpp:466  _dsound_start_voice              [   0.44302] Starting voice
audio-dsound D           dsound.cpp:494  _dsound_start_voice              [   0.44302] CreateSoundBuffer
audio-dsound D           dsound.cpp:502  _dsound_start_voice              [   0.44395] CreateSoundBuffer succeeded
audio-dsound D           dsound.cpp:508  _dsound_start_voice              [   0.44398] Starting _dsound_update thread
audio-dsound I           dsound.cpp:518  _dsound_start_voice              [   0.44402] Voice started
dtor     D               dtor.c:196  _al_register_destructor          [   0.44403] added dtor for sample_instance 000000000274d8e0, func 00007ffe9390929b
audio    D          kcm_mixer.c:121  _al_rechannel_matrix             [   0.44405] sample matrix:
audio    D          kcm_mixer.c:127  _al_rechannel_matrix             [   0.44406] 
audio    D          kcm_mixer.c:127  _al_rechannel_matrix             [   0.44406] 
dtor     D               dtor.c:196  _al_register_destructor          [   0.44407] added dtor for sample_instance 000000000274dce0, func 00007ffe9390929b
audio    D          kcm_mixer.c:121  _al_rechannel_matrix             [   0.44408] sample matrix:
audio    D          kcm_mixer.c:127  _al_rechannel_matrix             [   0.44409] 
audio    D          kcm_mixer.c:127  _al_rechannel_matrix             [   0.44410] 
dtor     D               dtor.c:196  _al_register_destructor          [   0.44411] added dtor for sample_instance 000000000274de00, func 00007ffe9390929b
audio    D          kcm_mixer.c:121  _al_rechannel_matrix             [   0.44412] sample matrix:
audio    D          kcm_mixer.c:127  _al_rechannel_matrix             [   0.44412] 
audio    D          kcm_mixer.c:127  _al_rechannel_matrix             [   0.44413] 
dtor     D               dtor.c:196  _al_register_destructor          [   0.44414] added dtor for sample_instance 000000000274d600, func 00007ffe9390929b
audio    D          kcm_mixer.c:121  _al_rechannel_matrix             [   0.44423] sample matrix:
audio    D          kcm_mixer.c:127  _al_rechannel_matrix             [   0.44426] 
audio    D          kcm_mixer.c:127  _al_rechannel_matrix             [   0.44427] 
dtor     D               dtor.c:196  _al_register_destructor          [   0.44428] added dtor for sample_instance 000000000274d720, func 00007ffe9390929b
audio    D          kcm_mixer.c:121  _al_rechannel_matrix             [   0.44429] sample matrix:
audio    D          kcm_mixer.c:127  _al_rechannel_matrix             [   0.44430] 
audio    D          kcm_mixer.c:127  _al_rechannel_matrix             [   0.44431] 
dtor     D               dtor.c:196  _al_register_destructor          [   0.44432] added dtor for sample_instance 000000000274df20, func 00007ffe9390929b
audio    D          kcm_mixer.c:121  _al_rechannel_matrix             [   0.44433] sample matrix:
audio    D          kcm_mixer.c:127  _al_rechannel_matrix             [   0.44433] 
audio    D          kcm_mixer.c:127  _al_rechannel_matrix             [   0.44434] 
dtor     D               dtor.c:196  _al_register_destructor          [   0.44435] added dtor for sample_instance 000000000274e040, func 00007ffe9390929b
audio    D          kcm_mixer.c:121  _al_rechannel_matrix             [   0.44436] sample matrix:
audio    D          kcm_mixer.c:127  _al_rechannel_matrix             [   0.44437] 
audio    D          kcm_mixer.c:127  _al_rechannel_matrix             [   0.44437] 
dtor     D               dtor.c:196  _al_register_destructor          [   0.44438] added dtor for sample_instance 000000000274e160, func 00007ffe9390929b
audio    D          kcm_mixer.c:121  _al_rechannel_matrix             [   0.44439] sample matrix:
audio    D          kcm_mixer.c:127  _al_rechannel_matrix             [   0.44440] 
audio    D          kcm_mixer.c:127  _al_rechannel_matrix             [   0.44440] 
dtor     D               dtor.c:196  _al_register_destructor          [   0.44441] added dtor for sample_instance 000000000274e280, func 00007ffe9390929b
audio    D          kcm_mixer.c:121  _al_rechannel_matrix             [   0.44442] sample matrix:
audio    D          kcm_mixer.c:127  _al_rechannel_matrix             [   0.44443] 
audio    D          kcm_mixer.c:127  _al_rechannel_matrix             [   0.44444] 
dtor     D               dtor.c:196  _al_register_destructor          [   0.44444] added dtor for sample_instance 000000000274e3a0, func 00007ffe9390929b
audio    D          kcm_mixer.c:121  _al_rechannel_matrix             [   0.44446] sample matrix:
audio    D          kcm_mixer.c:127  _al_rechannel_matrix             [   0.44446] 
audio    D          kcm_mixer.c:127  _al_rechannel_matrix             [   0.44447] 
dtor     D               dtor.c:196  _al_register_destructor          [   0.44448] added dtor for sample_instance 0000000002754170, func 00007ffe9390929b
audio    D          kcm_mixer.c:121  _al_rechannel_matrix             [   0.44449] sample matrix:
audio    D          kcm_mixer.c:127  _al_rechannel_matrix             [   0.44450] 
audio    D          kcm_mixer.c:127  _al_rechannel_matrix             [   0.44451] 
dtor     D               dtor.c:196  _al_register_destructor          [   0.44451] added dtor for sample_instance 0000000002754290, func 00007ffe9390929b
audio    D          kcm_mixer.c:121  _al_rechannel_matrix             [   0.44452] sample matrix:
audio    D          kcm_mixer.c:127  _al_rechannel_matrix             [   0.44453] 
audio    D          kcm_mixer.c:127  _al_rechannel_matrix             [   0.44454] 
dtor     D               dtor.c:196  _al_register_destructor          [   0.44455] added dtor for sample_instance 00000000027543b0, func 00007ffe9390929b
audio    D          kcm_mixer.c:121  _al_rechannel_matrix             [   0.44455] sample matrix:
audio    D          kcm_mixer.c:127  _al_rechannel_matrix             [   0.44456] 
audio    D          kcm_mixer.c:127  _al_rechannel_matrix             [   0.44457] 
dtor     D               dtor.c:196  _al_register_destructor          [   0.44458] added dtor for sample_instance 00000000027544d0, func 00007ffe9390929b
audio    D          kcm_mixer.c:121  _al_rechannel_matrix             [   0.44459] sample matrix:
audio    D          kcm_mixer.c:127  _al_rechannel_matrix             [   0.44460] 
audio    D          kcm_mixer.c:127  _al_rechannel_matrix             [   0.44460] 
dtor     D               dtor.c:196  _al_register_destructor          [   0.44461] added dtor for sample_instance 00000000027545f0, func 00007ffe9390929b
audio    D          kcm_mixer.c:121  _al_rechannel_matrix             [   0.44462] sample matrix:
audio    D          kcm_mixer.c:127  _al_rechannel_matrix             [   0.44463] 
audio    D          kcm_mixer.c:127  _al_rechannel_matrix             [   0.44463] 
dtor     D               dtor.c:196  _al_register_destructor          [   0.44464] added dtor for sample_instance 0000000002753bd0, func 00007ffe9390929b
audio    D          kcm_mixer.c:121  _al_rechannel_matrix             [   0.44465] sample matrix:
audio    D          kcm_mixer.c:127  _al_rechannel_matrix             [   0.44466] 
audio    D          kcm_mixer.c:127  _al_rechannel_matrix             [   0.44467] 
dtor     D               dtor.c:196  _al_register_destructor          [   0.44467] added dtor for sample_instance 0000000002754050, func 00007ffe9390929b
audio    D          kcm_mixer.c:121  _al_rechannel_matrix             [   0.44468] sample matrix:
audio    D          kcm_mixer.c:127  _al_rechannel_matrix             [   0.44469] 
audio    D          kcm_mixer.c:127  _al_rechannel_matrix             [   0.44470] 
dtor     D               dtor.c:196  _al_register_destructor          [   0.44470] added dtor for sample_instance 0000000002754710, func 00007ffe9390929b
audio    D          kcm_mixer.c:121  _al_rechannel_matrix             [   0.44471] sample matrix:
audio    D          kcm_mixer.c:127  _al_rechannel_matrix             [   0.44472] 
audio    D          kcm_mixer.c:127  _al_rechannel_matrix             [   0.44473] 
dtor     D               dtor.c:196  _al_register_destructor          [   0.44474] added dtor for sample_instance 0000000002754830, func 00007ffe9390929b
audio    D          kcm_mixer.c:121  _al_rechannel_matrix             [   0.44475] sample matrix:
audio    D          kcm_mixer.c:127  _al_rechannel_matrix             [   0.44475] 
audio    D          kcm_mixer.c:127  _al_rechannel_matrix             [   0.44476] 
dtor     D               dtor.c:196  _al_register_destructor          [   0.44477] added dtor for sample_instance 0000000002753cf0, func 00007ffe9390929b
audio    D          kcm_mixer.c:121  _al_rechannel_matrix             [   0.44478] sample matrix:
audio    D          kcm_mixer.c:127  _al_rechannel_matrix             [   0.44479] 
audio    D          kcm_mixer.c:127  _al_rechannel_matrix             [   0.44479] 
dtor     D               dtor.c:196  _al_register_destructor          [   0.44480] added dtor for sample_instance 0000000002753e10, func 00007ffe9390929b
audio-dsound D           dsound.cpp:528  _dsound_stop_voice               [   0.44481] Stopping voice
audio-dsound D           dsound.cpp:545  _dsound_stop_voice               [   0.44482] Joining thread
audio-dsound D           dsound.cpp:551  _dsound_stop_voice               [   0.46148] Joined thread
audio-dsound D           dsound.cpp:553  _dsound_stop_voice               [   0.46155] Destroying thread
audio-dsound D           dsound.cpp:555  _dsound_stop_voice               [   0.46156] Thread destroyed
audio-dsound D           dsound.cpp:562  _dsound_stop_voice               [   0.46157] Releasing buffer
audio-dsound I           dsound.cpp:566  _dsound_stop_voice               [   0.46158] Voice stopped
audio-dsound D           dsound.cpp:466  _dsound_start_voice              [   0.46159] Starting voice
audio-dsound D           dsound.cpp:494  _dsound_start_voice              [   0.46160] CreateSoundBuffer
audio-dsound D           dsound.cpp:502  _dsound_start_voice              [   0.46166] CreateSoundBuffer succeeded
audio-dsound D           dsound.cpp:508  _dsound_start_voice              [   0.46167] Starting _dsound_update thread
audio-dsound I           dsound.cpp:518  _dsound_start_voice              [   0.46172] Voice started
audio    D          kcm_mixer.c:121  _al_rechannel_matrix             [   0.46173] sample matrix:
audio    D          kcm_mixer.c:127  _al_rechannel_matrix             [   0.46174]  0.707107 0.000000
audio    D          kcm_mixer.c:127  _al_rechannel_matrix             [   0.46175]  0.000000 0.707107
audio    D          kcm_mixer.c:121  _al_rechannel_matrix             [   0.46176] sample matrix:
audio    D          kcm_mixer.c:127  _al_rechannel_matrix             [   0.46176]  0.070711 0.000000
audio    D          kcm_mixer.c:127  _al_rechannel_matrix             [   0.46177]  0.000000 0.070711
dtor     D               dtor.c:196  _al_register_destructor          [   0.46179] added dtor for queue 000000000274da00, func 00007ffe9380c5dc
dtor     D               dtor.c:196  _al_register_destructor          [   0.46715] added dtor for timer 000000000274e8a0, func 00007ffe9381fb3b
stdio    D         file_stdio.c:110  file_stdio_fopen                 [   0.46726] opening assets/image/icon.jpg rb
stdio    D         file_stdio.c:110  file_stdio_fopen                 [   0.46743] opening assets/image/icon.jpg rb
d3d      D         d3d_disp.cpp:1202 real_choose_bitmap_format        [   0.46756] Fake format
d3d      D         d3d_disp.cpp:1202 real_choose_bitmap_format        [   0.46757] Fake format
d3d      D         d3d_disp.cpp:1202 real_choose_bitmap_format        [   0.46758] Fake format
d3d      D         d3d_disp.cpp:1202 real_choose_bitmap_format        [   0.46759] Fake format
d3d      D         d3d_disp.cpp:1202 real_choose_bitmap_format        [   0.46759] Fake format
d3d      D         d3d_disp.cpp:1202 real_choose_bitmap_format        [   0.46760] Fake format
d3d      D         d3d_disp.cpp:1202 real_choose_bitmap_format        [   0.46761] Fake format
d3d      D         d3d_disp.cpp:1202 real_choose_bitmap_format        [   0.46762] Fake format
d3d      D         d3d_disp.cpp:1202 real_choose_bitmap_format        [   0.46762] Fake format
d3d      D         d3d_disp.cpp:1210 real_choose_bitmap_format        [   0.46763] Alpha doesn't match
d3d      D         d3d_disp.cpp:1217 real_choose_bitmap_format        [   0.46764] Adapter format is 23
d3d      D         d3d_disp.cpp:1220 real_choose_bitmap_format        [   0.46765] Found a format
d3d      I         d3d_disp.cpp:2391 d3d_create_bitmap                [   0.46766] Chose bitmap format 9
dtor     D               dtor.c:196  _al_register_destructor          [   0.47318] added dtor for bitmap 00000000027dc910, func 00007ffe937e1bea
d3d      D         d3d_disp.cpp:1202 real_choose_bitmap_format        [   0.47338] Fake format
d3d      D         d3d_disp.cpp:1202 real_choose_bitmap_format        [   0.47340] Fake format
d3d      D         d3d_disp.cpp:1202 real_choose_bitmap_format        [   0.47340] Fake format
d3d      D         d3d_disp.cpp:1202 real_choose_bitmap_format        [   0.47341] Fake format
d3d      D         d3d_disp.cpp:1202 real_choose_bitmap_format        [   0.47342] Fake format
d3d      D         d3d_disp.cpp:1202 real_choose_bitmap_format        [   0.47343] Fake format
d3d      D         d3d_disp.cpp:1202 real_choose_bitmap_format        [   0.47344] Fake format
d3d      D         d3d_disp.cpp:1202 real_choose_bitmap_format        [   0.47344] Fake format
d3d      D         d3d_disp.cpp:1202 real_choose_bitmap_format        [   0.47345] Fake format
d3d      D         d3d_disp.cpp:1210 real_choose_bitmap_format        [   0.47346] Alpha doesn't match
d3d      D         d3d_disp.cpp:1217 real_choose_bitmap_format        [   0.47347] Adapter format is 23
d3d      D         d3d_disp.cpp:1220 real_choose_bitmap_format        [   0.47348] Found a format
d3d      I         d3d_disp.cpp:2391 d3d_create_bitmap                [   0.47349] Chose bitmap format 9
dtor     D               dtor.c:196  _al_register_destructor          [   0.47364] added dtor for bitmap 000000000274dad0, func 00007ffe937e1bea
d3d      D          d3d_bmp.cpp:539  _al_d3d_sync_bitmap              [   0.47440] _al_d3d_sync_bitmap (system) ref count == 1
d3d      D          d3d_bmp.cpp:545  _al_d3d_sync_bitmap              [   0.47446] _al_d3d_sync_bitmap (video) ref count == 1
dtor     D               dtor.c:227  _al_unregister_destructor        [   0.47716] removed dtor for bitmap 000000000274dad0
d3d      D         d3d_disp.cpp:1202 real_choose_bitmap_format        [   0.47914] Fake format
d3d      D         d3d_disp.cpp:1202 real_choose_bitmap_format        [   0.47917] Fake format
d3d      D         d3d_disp.cpp:1202 real_choose_bitmap_format        [   0.47918] Fake format
d3d      D         d3d_disp.cpp:1202 real_choose_bitmap_format        [   0.47919] Fake format
d3d      D         d3d_disp.cpp:1202 real_choose_bitmap_format        [   0.47920] Fake format
d3d      D         d3d_disp.cpp:1202 real_choose_bitmap_format        [   0.47920] Fake format
d3d      D         d3d_disp.cpp:1202 real_choose_bitmap_format        [   0.47921] Fake format
d3d      D         d3d_disp.cpp:1202 real_choose_bitmap_format        [   0.47922] Fake format
d3d      D         d3d_disp.cpp:1202 real_choose_bitmap_format        [   0.47923] Fake format
d3d      D         d3d_disp.cpp:1210 real_choose_bitmap_format        [   0.47924] Alpha doesn't match
d3d      D         d3d_disp.cpp:1217 real_choose_bitmap_format        [   0.47924] Adapter format is 23
d3d      D         d3d_disp.cpp:1220 real_choose_bitmap_format        [   0.47925] Found a format
d3d      I         d3d_disp.cpp:2391 d3d_create_bitmap                [   0.47926] Chose bitmap format 9
dtor     D               dtor.c:196  _al_register_destructor          [   0.47945] added dtor for bitmap 000000000274dad0, func 00007ffe937e1bea
d3d      D          d3d_bmp.cpp:539  _al_d3d_sync_bitmap              [   0.48069] _al_d3d_sync_bitmap (system) ref count == 1
d3d      D          d3d_bmp.cpp:545  _al_d3d_sync_bitmap              [   0.48070] _al_d3d_sync_bitmap (video) ref count == 1
dtor     D               dtor.c:227  _al_unregister_destructor        [   0.48134] removed dtor for bitmap 000000000274dad0
d3d      D          d3d_bmp.cpp:539  _al_d3d_sync_bitmap              [   0.50095] _al_d3d_sync_bitmap (system) ref count == 1
d3d      D          d3d_bmp.cpp:545  _al_d3d_sync_bitmap              [   0.50099] _al_d3d_sync_bitmap (video) ref count == 1
d3d      D          d3d_bmp.cpp:539  _al_d3d_sync_bitmap              [   0.50504] _al_d3d_sync_bitmap (system) ref count == 1
d3d      D          d3d_bmp.cpp:545  _al_d3d_sync_bitmap              [   0.50507] _al_d3d_sync_bitmap (video) ref count == 1
dtor     D               dtor.c:227  _al_unregister_destructor        [   2.10080] removed dtor for ttf_font 0000000002744c30
dtor     D               dtor.c:227  _al_unregister_destructor        [   2.10124] removed dtor for sample 00000000027446f0
dtor     D               dtor.c:227  _al_unregister_destructor        [   2.10489] removed dtor for sample_instance 0000000002753e10
stdio    D         file_stdio.c:110  file_stdio_fopen                 [   2.10620] opening assets/image/back.jpg rb
stdio    D         file_stdio.c:110  file_stdio_fopen                 [   2.10671] opening assets/image/back.jpg rb
d3d      D         d3d_disp.cpp:1202 real_choose_bitmap_format        [   2.13753] Fake format
d3d      D         d3d_disp.cpp:1202 real_choose_bitmap_format        [   2.13758] Fake format
d3d      D         d3d_disp.cpp:1202 real_choose_bitmap_format        [   2.13758] Fake format
d3d      D         d3d_disp.cpp:1202 real_choose_bitmap_format        [   2.13759] Fake format
d3d      D         d3d_disp.cpp:1202 real_choose_bitmap_format        [   2.13760] Fake format
d3d      D         d3d_disp.cpp:1202 real_choose_bitmap_format        [   2.13761] Fake format
d3d      D         d3d_disp.cpp:1202 real_choose_bitmap_format        [   2.13762] Fake format
d3d      D         d3d_disp.cpp:1202 real_choose_bitmap_format        [   2.13762] Fake format
d3d      D         d3d_disp.cpp:1202 real_choose_bitmap_format        [   2.13763] Fake format
d3d      D         d3d_disp.cpp:1210 real_choose_bitmap_format        [   2.13764] Alpha doesn't match
d3d      D         d3d_disp.cpp:1217 real_choose_bitmap_format        [   2.13765] Adapter format is 23
d3d      D         d3d_disp.cpp:1220 real_choose_bitmap_format        [   2.13766] Found a format
d3d      I         d3d_disp.cpp:2391 d3d_create_bitmap                [   2.13766] Chose bitmap format 9
dtor     D               dtor.c:196  _al_register_destructor          [   2.13794] added dtor for bitmap 0000000002753870, func 00007ffe937e1bea
stdio    D         file_stdio.c:110  file_stdio_fopen                 [   2.14729] opening assets/image/grassMid.png rb
stdio    D         file_stdio.c:110  file_stdio_fopen                 [   2.14743] opening assets/image/grassMid.png rb
d3d      D         d3d_disp.cpp:1202 real_choose_bitmap_format        [   2.14749] Fake format
d3d      D         d3d_disp.cpp:1202 real_choose_bitmap_format        [   2.14750] Fake format
d3d      D         d3d_disp.cpp:1202 real_choose_bitmap_format        [   2.14751] Fake format
d3d      D         d3d_disp.cpp:1202 real_choose_bitmap_format        [   2.14752] Fake format
d3d      D         d3d_disp.cpp:1202 real_choose_bitmap_format        [   2.14753] Fake format
d3d      D         d3d_disp.cpp:1202 real_choose_bitmap_format        [   2.14753] Fake format
d3d      D         d3d_disp.cpp:1202 real_choose_bitmap_format        [   2.14754] Fake format
d3d      D         d3d_disp.cpp:1202 real_choose_bitmap_format        [   2.14755] Fake format
d3d      D         d3d_disp.cpp:1202 real_choose_bitmap_format        [   2.14756] Fake format
d3d      D         d3d_disp.cpp:1210 real_choose_bitmap_format        [   2.14756] Alpha doesn't match
d3d      D         d3d_disp.cpp:1217 real_choose_bitmap_format        [   2.14757] Adapter format is 23
d3d      D         d3d_disp.cpp:1220 real_choose_bitmap_format        [   2.14758] Found a format
d3d      I         d3d_disp.cpp:2391 d3d_create_bitmap                [   2.14759] Chose bitmap format 9
dtor     D               dtor.c:196  _al_register_destructor          [   2.15015] added dtor for bitmap 00000000027dc710, func 00007ffe937e1bea
stdio    D         file_stdio.c:110  file_stdio_fopen                 [   2.15063] opening assets/image/chara_stop.gif rb
d3d      D         d3d_disp.cpp:1202 real_choose_bitmap_format        [   2.15085] Fake format
d3d      D         d3d_disp.cpp:1202 real_choose_bitmap_format        [   2.15086] Fake format
d3d      D         d3d_disp.cpp:1202 real_choose_bitmap_format        [   2.15087] Fake format
d3d      D         d3d_disp.cpp:1202 real_choose_bitmap_format        [   2.15088] Fake format
d3d      D         d3d_disp.cpp:1202 real_choose_bitmap_format        [   2.15088] Fake format
d3d      D         d3d_disp.cpp:1202 real_choose_bitmap_format        [   2.15089] Fake format
d3d      D         d3d_disp.cpp:1202 real_choose_bitmap_format        [   2.15090] Fake format
d3d      D         d3d_disp.cpp:1202 real_choose_bitmap_format        [   2.15091] Fake format
d3d      D         d3d_disp.cpp:1202 real_choose_bitmap_format        [   2.15091] Fake format
d3d      D         d3d_disp.cpp:1210 real_choose_bitmap_format        [   2.15092] Alpha doesn't match
d3d      D         d3d_disp.cpp:1217 real_choose_bitmap_format        [   2.15093] Adapter format is 23
d3d      D         d3d_disp.cpp:1220 real_choose_bitmap_format        [   2.15094] Found a format
d3d      I         d3d_disp.cpp:2391 d3d_create_bitmap                [   2.15095] Chose bitmap format 9
dtor     D               dtor.c:196  _al_register_destructor          [   2.15109] added dtor for bitmap 00000000027474a0, func 00007ffe937e1bea
stdio    D         file_stdio.c:110  file_stdio_fopen                 [   2.15391] opening assets/image/chara_move.gif rb
d3d      D         d3d_disp.cpp:1202 real_choose_bitmap_format        [   2.15425] Fake format
d3d      D         d3d_disp.cpp:1202 real_choose_bitmap_format        [   2.15427] Fake format
d3d      D         d3d_disp.cpp:1202 real_choose_bitmap_format        [   2.15428] Fake format
d3d      D         d3d_disp.cpp:1202 real_choose_bitmap_format        [   2.15429] Fake format
d3d      D         d3d_disp.cpp:1202 real_choose_bitmap_format        [   2.15429] Fake format
d3d      D         d3d_disp.cpp:1202 real_choose_bitmap_format        [   2.15430] Fake format
d3d      D         d3d_disp.cpp:1202 real_choose_bitmap_format        [   2.15431] Fake format
d3d      D         d3d_disp.cpp:1202 real_choose_bitmap_format        [   2.15432] Fake format
d3d      D         d3d_disp.cpp:1202 real_choose_bitmap_format        [   2.15432] Fake format
d3d      D         d3d_disp.cpp:1210 real_choose_bitmap_format        [   2.15433] Alpha doesn't match
d3d      D         d3d_disp.cpp:1217 real_choose_bitmap_format        [   2.15434] Adapter format is 23
d3d      D         d3d_disp.cpp:1220 real_choose_bitmap_format        [   2.15435] Found a format
d3d      I         d3d_disp.cpp:2391 d3d_create_bitmap                [   2.15435] Chose bitmap format 9
dtor     D               dtor.c:196  _al_register_destructor          [   2.15450] added dtor for bitmap 00000000027479a0, func 00007ffe937e1bea
d3d      D         d3d_disp.cpp:1202 real_choose_bitmap_format        [   2.15814] Fake format
d3d      D         d3d_disp.cpp:1202 real_choose_bitmap_format        [   2.15818] Fake format
d3d      D         d3d_disp.cpp:1202 real_choose_bitmap_format        [   2.15821] Fake format
d3d      D         d3d_disp.cpp:1202 real_choose_bitmap_format        [   2.15822] Fake format
d3d      D         d3d_disp.cpp:1202 real_choose_bitmap_format        [   2.15822] Fake format
d3d      D         d3d_disp.cpp:1202 real_choose_bitmap_format        [   2.15823] Fake format
d3d      D         d3d_disp.cpp:1202 real_choose_bitmap_format        [   2.15824] Fake format
d3d      D         d3d_disp.cpp:1202 real_choose_bitmap_format        [   2.15825] Fake format
d3d      D         d3d_disp.cpp:1202 real_choose_bitmap_format        [   2.15825] Fake format
d3d      D         d3d_disp.cpp:1210 real_choose_bitmap_format        [   2.15827] Alpha doesn't match
d3d      D         d3d_disp.cpp:1217 real_choose_bitmap_format        [   2.15828] Adapter format is 23
d3d      D         d3d_disp.cpp:1220 real_choose_bitmap_format        [   2.15830] Found a format
d3d      I         d3d_disp.cpp:2391 d3d_create_bitmap                [   2.15832] Chose bitmap format 9
dtor     D               dtor.c:196  _al_register_destructor          [   2.15853] added dtor for bitmap 0000000002747b50, func 00007ffe937e1bea
stdio    D         file_stdio.c:110  file_stdio_fopen                 [   2.16089] opening assets/sound/atk_sound.wav rb
wav      E                wav.c:121  wav_open                         [   2.16100] Bad RIFF type.
dtor     D               dtor.c:196  _al_register_destructor          [   2.16102] added dtor for sample 0000000002753430, func 00007ffe93911a1d
dtor     D               dtor.c:196  _al_register_destructor          [   2.16105] added dtor for sample_instance 0000000002753e10, func 00007ffe9390929b
audio    D          kcm_mixer.c:121  _al_rechannel_matrix             [   2.16107] sample matrix:
audio    D          kcm_mixer.c:127  _al_rechannel_matrix             [   2.16107]  0.500000
audio    D          kcm_mixer.c:127  _al_rechannel_matrix             [   2.16108]  0.500000
d3d      D          d3d_bmp.cpp:539  _al_d3d_sync_bitmap              [   2.16134] _al_d3d_sync_bitmap (system) ref count == 1
d3d      D          d3d_bmp.cpp:545  _al_d3d_sync_bitmap              [   2.16136] _al_d3d_sync_bitmap (video) ref count == 1
d3d      D          d3d_bmp.cpp:539  _al_d3d_sync_bitmap              [   2.16515] _al_d3d_sync_bitmap (system) ref count == 1
d3d      D          d3d_bmp.cpp:545  _al_d3d_sync_bitmap              [   2.16517] _al_d3d_sync_bitmap (video) ref count == 1
d3d      D          d3d_bmp.cpp:539  _al_d3d_sync_bitmap              [   2.16524] _al_d3d_sync_bitmap (system) ref count == 1
d3d      D          d3d_bmp.cpp:545  _al_d3d_sync_bitmap              [   2.16525] _al_d3d_sync_bitmap (video) ref count == 1
d3d      D          d3d_bmp.cpp:539  _al_d3d_sync_bitmap              [   2.16534] _al_d3d_sync_bitmap (system) ref count == 1
d3d      D          d3d_bmp.cpp:545  _al_d3d_sync_bitmap              [   2.16535] _al_d3d_sync_bitmap (video) ref count == 1
d3d      D          d3d_bmp.cpp:539  _al_d3d_sync_bitmap              [   2.16545] _al_d3d_sync_bitmap (system) ref count == 1
d3d      D          d3d_bmp.cpp:545  _al_d3d_sync_bitmap              [   2.16546] _al_d3d_sync_bitmap (video) ref count == 1
dtor     D               dtor.c:227  _al_unregister_destructor        [  13.61171] removed dtor for queue 000000000274da00
d3d      I         d3d_disp.cpp:915  d3d_destroy_display              [  13.61178] destroying display 000000000107d6b0 (current 0000000000000000)
bitmap   D        bitmap_type.c:308  _al_convert_to_memory_bitmap     [  13.61546] converting display bitmap 0000000002747b50 to memory bitmap
dtor     D               dtor.c:196  _al_register_destructor          [  13.61550] added dtor for bitmap 0000000002747d00, func 00007ffe937e1bea
d3d      D          d3d_bmp.cpp:539  _al_d3d_sync_bitmap              [  13.61553] _al_d3d_sync_bitmap (system) ref count == 1
d3d      D          d3d_bmp.cpp:545  _al_d3d_sync_bitmap              [  13.61555] _al_d3d_sync_bitmap (video) ref count == 1
dtor     D               dtor.c:227  _al_unregister_destructor        [  13.61585] removed dtor for bitmap 0000000002747d00
bitmap   D        bitmap_type.c:308  _al_convert_to_memory_bitmap     [  13.61590] converting display bitmap 00000000027479a0 to memory bitmap
dtor     D               dtor.c:196  _al_register_destructor          [  13.61592] added dtor for bitmap 0000000002747d00, func 00007ffe937e1bea
d3d      D          d3d_bmp.cpp:539  _al_d3d_sync_bitmap              [  13.61594] _al_d3d_sync_bitmap (system) ref count == 1
d3d      D          d3d_bmp.cpp:545  _al_d3d_sync_bitmap              [  13.61596] _al_d3d_sync_bitmap (video) ref count == 1
dtor     D               dtor.c:227  _al_unregister_destructor        [  13.61617] removed dtor for bitmap 0000000002747d00
bitmap   D        bitmap_type.c:308  _al_convert_to_memory_bitmap     [  13.61620] converting display bitmap 00000000027474a0 to memory bitmap
dtor     D               dtor.c:196  _al_register_destructor          [  13.61622] added dtor for bitmap 0000000002747d00, func 00007ffe937e1bea
d3d      D          d3d_bmp.cpp:539  _al_d3d_sync_bitmap              [  13.61624] _al_d3d_sync_bitmap (system) ref count == 1
d3d      D          d3d_bmp.cpp:545  _al_d3d_sync_bitmap              [  13.61626] _al_d3d_sync_bitmap (video) ref count == 1
dtor     D               dtor.c:227  _al_unregister_destructor        [  13.61646] removed dtor for bitmap 0000000002747d00
bitmap   D        bitmap_type.c:308  _al_convert_to_memory_bitmap     [  13.61655] converting display bitmap 00000000027dc710 to memory bitmap
dtor     D               dtor.c:196  _al_register_destructor          [  13.61657] added dtor for bitmap 0000000002747d00, func 00007ffe937e1bea
d3d      D          d3d_bmp.cpp:539  _al_d3d_sync_bitmap              [  13.61658] _al_d3d_sync_bitmap (system) ref count == 1
d3d      D          d3d_bmp.cpp:545  _al_d3d_sync_bitmap              [  13.61660] _al_d3d_sync_bitmap (video) ref count == 1
dtor     D               dtor.c:227  _al_unregister_destructor        [  13.61671] removed dtor for bitmap 0000000002747d00
bitmap   D        bitmap_type.c:308  _al_convert_to_memory_bitmap     [  13.61673] converting display bitmap 0000000002753870 to memory bitmap
dtor     D               dtor.c:196  _al_register_destructor          [  13.61676] added dtor for bitmap 0000000002747d00, func 00007ffe937e1bea
d3d      D          d3d_bmp.cpp:539  _al_d3d_sync_bitmap              [  13.61678] _al_d3d_sync_bitmap (system) ref count == 1
d3d      D          d3d_bmp.cpp:545  _al_d3d_sync_bitmap              [  13.61679] _al_d3d_sync_bitmap (video) ref count == 1
dtor     D               dtor.c:227  _al_unregister_destructor        [  13.62438] removed dtor for bitmap 0000000002747d00
bitmap   D        bitmap_type.c:308  _al_convert_to_memory_bitmap     [  13.62553] converting display bitmap 00000000027dc910 to memory bitmap
dtor     D               dtor.c:196  _al_register_destructor          [  13.62555] added dtor for bitmap 0000000002747d00, func 00007ffe937e1bea
d3d      D          d3d_bmp.cpp:539  _al_d3d_sync_bitmap              [  13.62556] _al_d3d_sync_bitmap (system) ref count == 1
d3d      D          d3d_bmp.cpp:545  _al_d3d_sync_bitmap              [  13.62557] _al_d3d_sync_bitmap (video) ref count == 1
dtor     D               dtor.c:227  _al_unregister_destructor        [  13.62577] removed dtor for bitmap 0000000002747d00
bitmap   D        bitmap_type.c:308  _al_convert_to_memory_bitmap     [  13.62579] converting display bitmap 0000000002755910 to memory bitmap
dtor     D               dtor.c:196  _al_register_destructor          [  13.62580] added dtor for bitmap 000000000280fe20, func 00007ffe937e1bea
d3d      D          d3d_bmp.cpp:539  _al_d3d_sync_bitmap              [  13.62581] _al_d3d_sync_bitmap (system) ref count == 1
d3d      D          d3d_bmp.cpp:545  _al_d3d_sync_bitmap              [  13.62582] _al_d3d_sync_bitmap (video) ref count == 1
dtor     D               dtor.c:227  _al_unregister_destructor        [  13.63303] removed dtor for bitmap 000000000280fe20
d3d      D         d3d_disp.cpp:899  d3d_destroy_display_internals    [  13.63408] waiting for display 000000000107d6b0's thread to end
d3d      W         d3d_disp.cpp:608  d3d_destroy_device               [  13.63999] d3d_destroy_device: ref count not 0
d3d      W         d3d_disp.cpp:608  d3d_destroy_device               [  13.64007] d3d_destroy_device: ref count not 0
d3d      I         d3d_disp.cpp:1562 d3d_display_thread_proc          [  13.65672] d3d display thread exits
dtor     D               dtor.c:227  _al_unregister_destructor        [  13.65732] removed dtor for bitmap 0000000002753870
dtor     D               dtor.c:227  _al_unregister_destructor        [  13.65864] removed dtor for bitmap 00000000027dc710
dtor     D               dtor.c:227  _al_unregister_destructor        [  13.65869] removed dtor for sample_instance 0000000002753e10
dtor     D               dtor.c:227  _al_unregister_destructor        [  13.65875] removed dtor for bitmap 00000000027474a0
dtor     D               dtor.c:227  _al_unregister_destructor        [  13.65878] removed dtor for bitmap 00000000027479a0
dtor     D               dtor.c:227  _al_unregister_destructor        [  13.65883] removed dtor for bitmap 0000000002747b50
dtor     D               dtor.c:116  _al_run_destructors              [  13.65887] calling dtor for bitmap 00000000027dc910, func 00007ffe937e1bea
dtor     D               dtor.c:227  _al_unregister_destructor        [  13.65889] removed dtor for bitmap 00000000027dc910
dtor     D               dtor.c:116  _al_run_destructors              [  13.65890] calling dtor for timer 000000000274e8a0, func 00007ffe9381fb3b
dtor     D               dtor.c:227  _al_unregister_destructor        [  13.65892] removed dtor for timer 000000000274e8a0
dtor     D               dtor.c:116  _al_run_destructors              [  13.65893] calling dtor for bitmap 0000000002755910, func 00007ffe937e1bea
dtor     D               dtor.c:227  _al_unregister_destructor        [  13.65894] removed dtor for bitmap 0000000002755910
dtor     D               dtor.c:227  _al_unregister_destructor        [  13.65997] removed dtor for sample_instance 000000000274d8e0
dtor     D               dtor.c:227  _al_unregister_destructor        [  13.66000] removed dtor for sample_instance 000000000274dce0
dtor     D               dtor.c:227  _al_unregister_destructor        [  13.66001] removed dtor for sample_instance 000000000274de00
dtor     D               dtor.c:227  _al_unregister_destructor        [  13.66003] removed dtor for sample_instance 000000000274d600
dtor     D               dtor.c:227  _al_unregister_destructor        [  13.66004] removed dtor for sample_instance 000000000274d720
dtor     D               dtor.c:227  _al_unregister_destructor        [  13.66006] removed dtor for sample_instance 000000000274df20
dtor     D               dtor.c:227  _al_unregister_destructor        [  13.66007] removed dtor for sample_instance 000000000274e040
dtor     D               dtor.c:227  _al_unregister_destructor        [  13.66008] removed dtor for sample_instance 000000000274e160
dtor     D               dtor.c:227  _al_unregister_destructor        [  13.66009] removed dtor for sample_instance 000000000274e280
dtor     D               dtor.c:227  _al_unregister_destructor        [  13.66011] removed dtor for sample_instance 000000000274e3a0
dtor     D               dtor.c:227  _al_unregister_destructor        [  13.66012] removed dtor for sample_instance 0000000002754170
dtor     D               dtor.c:227  _al_unregister_destructor        [  13.66013] removed dtor for sample_instance 0000000002754290
dtor     D               dtor.c:227  _al_unregister_destructor        [  13.66015] removed dtor for sample_instance 00000000027543b0
dtor     D               dtor.c:227  _al_unregister_destructor        [  13.66016] removed dtor for sample_instance 00000000027544d0
dtor     D               dtor.c:227  _al_unregister_destructor        [  13.66017] removed dtor for sample_instance 00000000027545f0
dtor     D               dtor.c:227  _al_unregister_destructor        [  13.66019] removed dtor for sample_instance 0000000002753bd0
dtor     D               dtor.c:227  _al_unregister_destructor        [  13.66020] removed dtor for sample_instance 0000000002754050
dtor     D               dtor.c:227  _al_unregister_destructor        [  13.66021] removed dtor for sample_instance 0000000002754710
dtor     D               dtor.c:227  _al_unregister_destructor        [  13.66023] removed dtor for sample_instance 0000000002754830
dtor     D               dtor.c:227  _al_unregister_destructor        [  13.66024] removed dtor for sample_instance 0000000002753cf0
dtor     D               dtor.c:227  _al_unregister_destructor        [  13.66025] removed dtor for mixer 000000000274e740
audio-dsound D           dsound.cpp:528  _dsound_stop_voice               [  13.66027] Stopping voice
audio-dsound D           dsound.cpp:545  _dsound_stop_voice               [  13.66028] Joining thread
audio-dsound D           dsound.cpp:551  _dsound_stop_voice               [  13.66542] Joined thread
audio-dsound D           dsound.cpp:553  _dsound_stop_voice               [  13.66546] Destroying thread
audio-dsound D           dsound.cpp:555  _dsound_stop_voice               [  13.66548] Thread destroyed
audio-dsound D           dsound.cpp:562  _dsound_stop_voice               [  13.66549] Releasing buffer
audio-dsound I           dsound.cpp:566  _dsound_stop_voice               [  13.66550] Voice stopped
dtor     D               dtor.c:227  _al_unregister_destructor        [  13.66552] removed dtor for voice 000000000273e6f0
audio-dsound D           dsound.cpp:380  _dsound_deallocate_voice         [  13.66553] Deallocating voice
audio-dsound D           dsound.cpp:385  _dsound_deallocate_voice         [  13.66554] Deallocated voice
dtor     D               dtor.c:116  _al_run_destructors              [  13.66555] calling dtor for sample 0000000002753430, func 00007ffe93911a1d
dtor     D               dtor.c:227  _al_unregister_destructor        [  13.66556] removed dtor for sample 0000000002753430
audio-dsound D           dsound.cpp:296  _dsound_close                    [  13.66557] Releasing device
audio-dsound D           dsound.cpp:298  _dsound_close                    [  13.66768] Released device
audio-dsound I           dsound.cpp:299  _dsound_close                    [  13.66770] DirectSound closed
